ISim log file
Running: C:\Users\86139\Desktop\courses\co\P7\mips\mips_txt_isim_beh.exe -intstyle ise -gui -tclbatch isim.cmd -wdb C:/Users/86139/Desktop/courses/co/P7/mips/mips_txt_isim_beh.wdb 
ISim P.20131013 (signature 0x7708f090)
----------------------------------------------------------------------
WARNING:Security:42 - Your software subscription period has lapsed. Your current version of Xilinx tools will continue to function, but you no longer qualify for Xilinx software updates or new releases.


----------------------------------------------------------------------
This is a Full version of ISim.
Time resolution is 1 ps
# onerror resume
# wave add /
# run 1000 ns
Simulator is doing circuit initialization process.
Finished circuit initialization process.
                  38@00003000: $ 1 <= a0000000
                  42@00003004: $ 2 <= 80000000
                  66@00004180: $26 <= 00003008
                  70@00004184: $27 <= 80000030
                  74@0000418c: *00000ffc <= 00000000
                  74@00004188: $26 <= 00001000
                  82@00004190: $26 <= 00000f00
                  86@00004194: $29 <= 00000f00
                  90@00004198: $31 <= 000041a0
                  94@000041cc: *00000f04 <= a0000000
                  98@000041d0: *00000f08 <= 80000000
                 102@000041d4: *00000f0c <= 00000000
                 106@000041d8: *00000f10 <= 00000000
                 110@000041dc: *00000f14 <= 00000000
                 114@000041e0: *00000f18 <= 00000000
                 118@000041e4: *00000f1c <= 00000000
                 122@000041e8: *00000f20 <= 00000000
                 126@000041ec: *00000f24 <= 00000000
                 130@000041f0: *00000f28 <= 00000000
                 134@000041f4: *00000f2c <= 00000000
                 138@000041f8: *00000f30 <= 00000000
                 142@000041fc: *00000f34 <= 00000000
                 146@00004200: *00000f38 <= 00000000
                 150@00004204: *00000f3c <= 00000000
                 154@00004208: *00000f40 <= 00000000
                 158@0000420c: *00000f44 <= 00000000
                 162@00004210: *00000f48 <= 00000000
                 166@00004214: *00000f4c <= 00000000
                 170@00004218: *00000f50 <= 00000000
                 174@0000421c: *00000f54 <= 00000000
                 178@00004220: *00000f58 <= 00000000
                 182@00004224: *00000f5c <= 00000000
                 186@00004228: *00000f60 <= 00000000
                 190@0000422c: *00000f64 <= 00000000
                 194@00004230: *00000f68 <= 00000f00
                 198@00004234: *00000f6c <= 80000030
                 202@00004238: *00000f70 <= 00000000
                 206@0000423c: *00000f74 <= 00000f00
                 210@00004240: *00000f78 <= 00000000
                 214@00004244: *00000f7c <= 000041a0
                 222@0000424c: *00000f80 <= 00000000
                 222@00004248: $26 <= 00000000
                 230@00004254: *00000f84 <= 00000000
                 230@00004250: $26 <= 00000000
                 238@00004258: $31 <= 00004260
                 246@000041a0: $26 <= 80000030
                 250@000041a4: $27 <= 0000007c
                 254@000041a8: $26 <= 00000030
                 270@000041b4: $26 <= 00003008
                 278@000041b8: $26 <= 0000300c
                 290@000041c0: $31 <= 000041c8
                 298@00004260: $ 1 <= a0000000
                 302@00004264: $ 2 <= 80000000
                 306@00004268: $ 3 <= 00000000
                 310@0000426c: $ 4 <= 00000000
                 314@00004270: $ 5 <= 00000000
                 318@00004274: $ 6 <= 00000000
                 322@00004278: $ 7 <= 00000000
                 326@0000427c: $ 8 <= 00000000
                 330@00004280: $ 9 <= 00000000
                 334@00004284: $10 <= 00000000
                 338@00004288: $11 <= 00000000
                 342@0000428c: $12 <= 00000000
                 346@00004290: $13 <= 00000000
                 350@00004294: $14 <= 00000000
                 354@00004298: $15 <= 00000000
                 358@0000429c: $16 <= 00000000
                 362@000042a0: $17 <= 00000000
                 366@000042a4: $18 <= 00000000
                 370@000042a8: $19 <= 00000000
                 374@000042ac: $20 <= 00000000
                 378@000042b0: $21 <= 00000000
                 382@000042b4: $22 <= 00000000
                 386@000042b8: $23 <= 00000000
                 390@000042bc: $24 <= 00000000
                 394@000042c0: $25 <= 00000000
                 398@000042c4: $26 <= 00000f00
                 402@000042c8: $27 <= 80000030
                 406@000042cc: $28 <= 00000000
                 410@000042d0: $29 <= 00000f00
                 418@000042d4: $30 <= 00000000
                 422@000042d8: $31 <= 000041a0
                 426@000042dc: $26 <= 00000000
                 442@000042e4: $26 <= 00000000
                 458@000042ec: $31 <= 000042f4
                 486@00004180: $26 <= 0000300c
                 490@00004184: $27 <= 00000030
                 494@0000418c: *00000ffc <= 00000f00
                 494@00004188: $26 <= 00001000
                 502@00004190: $26 <= 00000f00
                 506@00004194: $29 <= 00000f00
                 510@00004198: $31 <= 000041a0
                 514@000041cc: *00000f04 <= a0000000
                 518@000041d0: *00000f08 <= 80000000
                 522@000041d4: *00000f0c <= 00000000
                 526@000041d8: *00000f10 <= 00000000
                 530@000041dc: *00000f14 <= 00000000
                 534@000041e0: *00000f18 <= 00000000
                 538@000041e4: *00000f1c <= 00000000
                 542@000041e8: *00000f20 <= 00000000
                 546@000041ec: *00000f24 <= 00000000
                 550@000041f0: *00000f28 <= 00000000
                 554@000041f4: *00000f2c <= 00000000
                 558@000041f8: *00000f30 <= 00000000
                 562@000041fc: *00000f34 <= 00000000
                 566@00004200: *00000f38 <= 00000000
                 570@00004204: *00000f3c <= 00000000
                 574@00004208: *00000f40 <= 00000000
                 578@0000420c: *00000f44 <= 00000000
                 582@00004210: *00000f48 <= 00000000
                 586@00004214: *00000f4c <= 00000000
                 590@00004218: *00000f50 <= 00000000
                 594@0000421c: *00000f54 <= 00000000
                 598@00004220: *00000f58 <= 00000000
                 602@00004224: *00000f5c <= 00000000
                 606@00004228: *00000f60 <= 00000000
                 610@0000422c: *00000f64 <= 00000000
                 614@00004230: *00000f68 <= 00000f00
                 618@00004234: *00000f6c <= 00000030
                 622@00004238: *00000f70 <= 00000000
                 626@0000423c: *00000f74 <= 00000f00
                 630@00004240: *00000f78 <= 00000000
                 634@00004244: *00000f7c <= 000041a0
                 642@0000424c: *00000f80 <= 00000000
                 642@00004248: $26 <= 00000000
                 650@00004254: *00000f84 <= 00000000
                 650@00004250: $26 <= 00000000
                 658@00004258: $31 <= 00004260
                 666@000041a0: $26 <= 00000030
                 670@000041a4: $27 <= 0000007c
                 674@000041a8: $26 <= 00000030
                 690@000041b4: $26 <= 0000300c
                 698@000041b8: $26 <= 00003010
                 710@000041c0: $31 <= 000041c8
                 718@00004260: $ 1 <= a0000000
                 722@00004264: $ 2 <= 80000000
                 726@00004268: $ 3 <= 00000000
                 730@0000426c: $ 4 <= 00000000
                 734@00004270: $ 5 <= 00000000
                 738@00004274: $ 6 <= 00000000
                 742@00004278: $ 7 <= 00000000
                 746@0000427c: $ 8 <= 00000000
                 750@00004280: $ 9 <= 00000000
                 754@00004284: $10 <= 00000000
                 758@00004288: $11 <= 00000000
                 762@0000428c: $12 <= 00000000
                 766@00004290: $13 <= 00000000
                 770@00004294: $14 <= 00000000
                 774@00004298: $15 <= 00000000
                 778@0000429c: $16 <= 00000000
                 782@000042a0: $17 <= 00000000
                 786@000042a4: $18 <= 00000000
                 790@000042a8: $19 <= 00000000
                 794@000042ac: $20 <= 00000000
                 798@000042b0: $21 <= 00000000
                 802@000042b4: $22 <= 00000000
                 806@000042b8: $23 <= 00000000
                 810@000042bc: $24 <= 00000000
                 814@000042c0: $25 <= 00000000
                 818@000042c4: $26 <= 00000f00
                 822@000042c8: $27 <= 00000030
                 826@000042cc: $28 <= 00000000
                 830@000042d0: $29 <= 00000f00
                 838@000042d4: $30 <= 00000000
                 842@000042d8: $31 <= 000041a0
                 846@000042dc: $26 <= 00000000
                 862@000042e4: $26 <= 00000000
                 878@000042ec: $31 <= 000042f4
                 906@00004180: $26 <= 00003010
                 910@00004184: $27 <= 00000030
                 914@0000418c: *00000ffc <= 00000f00
                 914@00004188: $26 <= 00001000
                 922@00004190: $26 <= 00000f00
                 926@00004194: $29 <= 00000f00
                 930@00004198: $31 <= 000041a0
                 934@000041cc: *00000f04 <= a0000000
                 938@000041d0: *00000f08 <= 80000000
                 942@000041d4: *00000f0c <= 00000000
                 946@000041d8: *00000f10 <= 00000000
                 950@000041dc: *00000f14 <= 00000000
                 954@000041e0: *00000f18 <= 00000000
                 958@000041e4: *00000f1c <= 00000000
                 962@000041e8: *00000f20 <= 00000000
                 966@000041ec: *00000f24 <= 00000000
                 970@000041f0: *00000f28 <= 00000000
                 974@000041f4: *00000f2c <= 00000000
                 978@000041f8: *00000f30 <= 00000000
                 982@000041fc: *00000f34 <= 00000000
                 986@00004200: *00000f38 <= 00000000
                 990@00004204: *00000f3c <= 00000000
                 994@00004208: *00000f40 <= 00000000
                 998@0000420c: *00000f44 <= 00000000
