Running: D:\14.7\ISE_DS\ISE\bin\nt64\unwrapped\fuse.exe -intstyle ise -incremental -lib unisims_ver -lib unimacro_ver -lib xilinxcorelib_ver -lib secureip -o C:/Users/86139/Desktop/courses/co/P6/CPU/mips_txt_isim_beh.exe -prj C:/Users/86139/Desktop/courses/co/P6/CPU/mips_txt_beh.prj work.mips_txt work.glbl 
ISim P.20131013 (signature 0x7708f090)
Number of CPUs detected in this system: 20
Turning on mult-threading, number of parallel sub-compilation jobs: 40 
Determining compilation order of HDL files
Analyzing Verilog file "C:/Users/86139/Desktop/courses/co/P6/CPU/W_AT.v" into library work
Analyzing Verilog file "C:/Users/86139/Desktop/courses/co/P6/CPU/Shift.v" into library work
Analyzing Verilog file "C:/Users/86139/Desktop/courses/co/P6/CPU/PC.v" into library work
Analyzing Verilog file "C:/Users/86139/Desktop/courses/co/P6/CPU/M_AT.v" into library work
Analyzing Verilog file "C:/Users/86139/Desktop/courses/co/P6/CPU/mult_div.v" into library work
Analyzing Verilog file "C:/Users/86139/Desktop/courses/co/P6/CPU/GRF.v" into library work
Analyzing Verilog file "C:/Users/86139/Desktop/courses/co/P6/CPU/E_AT.v" into library work
Analyzing Verilog file "C:/Users/86139/Desktop/courses/co/P6/CPU/EXT.v" into library work
Analyzing Verilog file "C:/Users/86139/Desktop/courses/co/P6/CPU/D_AT.v" into library work
Analyzing Verilog file "C:/Users/86139/Desktop/courses/co/P6/CPU/DM_EXT.v" into library work
Analyzing Verilog file "C:/Users/86139/Desktop/courses/co/P6/CPU/Controller.v" into library work
Analyzing Verilog file "C:/Users/86139/Desktop/courses/co/P6/CPU/branch.v" into library work
Analyzing Verilog file "C:/Users/86139/Desktop/courses/co/P6/CPU/ALU.v" into library work
Analyzing Verilog file "C:/Users/86139/Desktop/courses/co/P6/CPU/Writeback.v" into library work
Analyzing Verilog file "C:/Users/86139/Desktop/courses/co/P6/CPU/Transmit.v" into library work
Analyzing Verilog file "C:/Users/86139/Desktop/courses/co/P6/CPU/Memory.v" into library work
Analyzing Verilog file "C:/Users/86139/Desktop/courses/co/P6/CPU/MEM-WB.v" into library work
Analyzing Verilog file "C:/Users/86139/Desktop/courses/co/P6/CPU/IF-ID.v" into library work
Analyzing Verilog file "C:/Users/86139/Desktop/courses/co/P6/CPU/ID-EX.v" into library work
Analyzing Verilog file "C:/Users/86139/Desktop/courses/co/P6/CPU/Fetch.v" into library work
Analyzing Verilog file "C:/Users/86139/Desktop/courses/co/P6/CPU/Execute.v" into library work
Analyzing Verilog file "C:/Users/86139/Desktop/courses/co/P6/CPU/EX-MEM.v" into library work
Analyzing Verilog file "C:/Users/86139/Desktop/courses/co/P6/CPU/Decode.v" into library work
Analyzing Verilog file "C:/Users/86139/Desktop/courses/co/P6/CPU/datapath.v" into library work
Analyzing Verilog file "C:/Users/86139/Desktop/courses/co/P6/CPU/mips.v" into library work
Analyzing Verilog file "C:/Users/86139/Desktop/courses/co/P6/CPU/mips_tb.v" into library work
Analyzing Verilog file "D:/14.7/ISE_DS/ISE//verilog/src/glbl.v" into library work
Starting static elaboration
Completed static elaboration
Compiling module Controller
Compiling module Stop_Transmit
Compiling module PC
Compiling module Fetch
Compiling module IF_ID
Compiling module D_AT
Compiling module GRF
Compiling module EXT
Compiling module Shift
Compiling module Branch
Compiling module Decode
Compiling module ID_EX
Compiling module E_AT
Compiling module ALU
Compiling module Mult_Div
Compiling module Execute
Compiling module EX_MEM
Compiling module M_AT
Compiling module DM_EXT
Compiling module Memory
Compiling module MEM_WB
Compiling module W_AT
Compiling module Writeback
Compiling module Datapath
Compiling module mips
Compiling module mips_txt
Compiling module glbl
Time Resolution for simulation is 1ps.
Compiled 27 Verilog Units
Built simulation executable C:/Users/86139/Desktop/courses/co/P6/CPU/mips_txt_isim_beh.exe
Fuse Memory Usage: 37328 KB
Fuse CPU Usage: 796 ms
