Running: D:\14.7\ISE_DS\ISE\bin\nt64\unwrapped\fuse.exe -intstyle ise -incremental -lib unisims_ver -lib unimacro_ver -lib xilinxcorelib_ver -lib secureip -o C:/Users/86139/Desktop/courses/co/P4/CPU/mips_test_isim_beh.exe -prj C:/Users/86139/Desktop/courses/co/P4/CPU/mips_test_beh.prj work.mips_test work.glbl 
ISim P.20131013 (signature 0x7708f090)
Number of CPUs detected in this system: 20
Turning on mult-threading, number of parallel sub-compilation jobs: 40 
Determining compilation order of HDL files
Analyzing Verilog file "C:/Users/86139/Desktop/courses/co/P4/CPU/Shift.v" into library work
Analyzing Verilog file "C:/Users/86139/Desktop/courses/co/P4/CPU/PC.v" into library work
Analyzing Verilog file "C:/Users/86139/Desktop/courses/co/P4/CPU/IM.v" into library work
Analyzing Verilog file "C:/Users/86139/Desktop/courses/co/P4/CPU/GRF.v" into library work
Analyzing Verilog file "C:/Users/86139/Desktop/courses/co/P4/CPU/EXT.v" into library work
Analyzing Verilog file "C:/Users/86139/Desktop/courses/co/P4/CPU/DM.v" into library work
Analyzing Verilog file "C:/Users/86139/Desktop/courses/co/P4/CPU/branch.v" into library work
Analyzing Verilog file "C:/Users/86139/Desktop/courses/co/P4/CPU/ALU.v" into library work
Analyzing Verilog file "C:/Users/86139/Desktop/courses/co/P4/CPU/datapath.v" into library work
Analyzing Verilog file "C:/Users/86139/Desktop/courses/co/P4/CPU/Controller.v" into library work
Analyzing Verilog file "C:/Users/86139/Desktop/courses/co/P4/CPU/mips.v" into library work
Analyzing Verilog file "C:/Users/86139/Desktop/courses/co/P4/CPU/mips_test.v" into library work
Analyzing Verilog file "D:/14.7/ISE_DS/ISE//verilog/src/glbl.v" into library work
Starting static elaboration
Completed static elaboration
Compiling module Controller
Compiling module PC
Compiling module IM
Compiling module GRF
Compiling module ALU
Compiling module DM
Compiling module EXT
Compiling module Shift
Compiling module Branch
Compiling module Datapath
Compiling module mips
Compiling module mips_test
Compiling module glbl
Time Resolution for simulation is 1ps.
Compiled 13 Verilog Units
Built simulation executable C:/Users/86139/Desktop/courses/co/P4/CPU/mips_test_isim_beh.exe
Fuse Memory Usage: 36628 KB
Fuse CPU Usage: 155 ms
